<?xml version="1.0" encoding="UTF-8"?>
<testng-results ignored="0" total="1" passed="1" failed="0" skipped="0">
  <reporter-output>
  </reporter-output>
  <suite started-at="2024-02-11T01:47:58 IST" name="Suite" finished-at="2024-02-11T01:48:04 IST" duration-ms="6186">
    <groups>
    </groups>
    <test started-at="2024-02-11T01:47:58 IST" name="Test" finished-at="2024-02-11T01:48:04 IST" duration-ms="6186">
      <class name="com.test.LoginTest">
        <test-method is-config="true" signature="setUP()[pri:0, instance:com.test.LoginTest@7502291e]" started-at="2024-02-11T01:47:01 IST" name="setUP" finished-at="2024-02-11T01:47:58 IST" duration-ms="56517" status="PASS">
          <reporter-output>
          </reporter-output>
        </test-method> <!-- setUP -->
        <test-method signature="loginWithValidUserNameAndValidPassword()[pri:0, instance:com.test.LoginTest@7502291e]" started-at="2024-02-11T01:47:58 IST" name="loginWithValidUserNameAndValidPassword" finished-at="2024-02-11T01:48:04 IST" duration-ms="5697" status="PASS">
          <reporter-output>
          </reporter-output>
        </test-method> <!-- loginWithValidUserNameAndValidPassword -->
        <test-method is-config="true" signature="tearDown()[pri:0, instance:com.test.LoginTest@7502291e]" started-at="2024-02-11T01:48:04 IST" name="tearDown" finished-at="2024-02-11T01:48:05 IST" duration-ms="232" status="PASS">
          <reporter-output>
          </reporter-output>
        </test-method> <!-- tearDown -->
      </class> <!-- com.test.LoginTest -->
    </test> <!-- Test -->
  </suite> <!-- Suite -->
</testng-results>
